<?xml version="1.0" encoding="UTF-8"?>
<testsuite name="portfolio.PortfolioTest" tests="6" skipped="0" failures="0" errors="0" timestamp="2020-03-03T08:24:57" hostname="thraikal-ThinkPad" time="0.036">
  <properties/>
  <testcase name="testGetShare()" classname="portfolio.PortfolioTest" time="0.022"/>
  <testcase name="testBuy()" classname="portfolio.PortfolioTest" time="0.003"/>
  <testcase name="testSell()" classname="portfolio.PortfolioTest" time="0.002"/>
  <testcase name="testSellTotal()" classname="portfolio.PortfolioTest" time="0.001"/>
  <testcase name="testSellUnknown()" classname="portfolio.PortfolioTest" time="0.003"/>
  <testcase name="testContains()" classname="portfolio.PortfolioTest" time="0.001"/>
  <system-out><![CDATA[]]></system-out>
  <system-err><![CDATA[]]></system-err>
</testsuite>
